-- Found ament_cmake: 1.3.11 (/opt/ros/humble/share/ament_cmake/cmake)
-- Override CMake install command with custom implementation using symlinks instead of copying resources
-- Found rclcpp: 16.0.12 (/opt/ros/humble/share/rclcpp/cmake)
-- Found rosidl_generator_c: 3.1.6 (/opt/ros/humble/share/rosidl_generator_c/cmake)
-- Found rosidl_adapter: 3.1.6 (/opt/ros/humble/share/rosidl_adapter/cmake)
-- Found rosidl_generator_cpp: 3.1.6 (/opt/ros/humble/share/rosidl_generator_cpp/cmake)
-- Using all available rosidl_typesupport_c: rosidl_typesupport_fastrtps_c;rosidl_typesupport_introspection_c
-- Using all available rosidl_typesupport_cpp: rosidl_typesupport_fastrtps_cpp;rosidl_typesupport_introspection_cpp
-- Found rmw_implementation_cmake: 6.1.2 (/opt/ros/humble/share/rmw_implementation_cmake/cmake)
-- Found rmw_cyclonedds_cpp: 1.3.4 (/opt/ros/humble/share/rmw_cyclonedds_cpp/cmake)
-- Using RMW implementation 'rmw_cyclonedds_cpp' as default
-- Found geometry_msgs: 4.8.0 (/opt/ros/humble/share/geometry_msgs/cmake)
-- Found rviz_common: 11.2.16 (/opt/ros/humble/share/rviz_common/cmake)
-- Setting assimp_DIR to: '/opt/ros/humble/share/rviz_assimp_vendor/cmake/../../../opt/rviz_assimp_vendor/lib/cmake/assimp-4.1'
-- Setting OGRE_DIR to: '/opt/ros/humble/share/rviz_ogre_vendor/cmake/../../../opt/rviz_ogre_vendor/lib/OGRE/cmake'
-- Found OGRE
--   static     : OFF
--   components : HLMS;MeshLodGenerator;Overlay;Paging;Property;RTShaderSystem;Terrain;Volume
--   plugins    : Plugin_BSPSceneManager;Plugin_OctreeSceneManager;Plugin_PCZSceneManager;Plugin_ParticleFX;RenderSystem_GL;RenderSystem_GL3Plus;Codec_STBI
--   media      : /opt/ros/humble/opt/rviz_ogre_vendor/share/OGRE/Media
-- OGRE_LIBRARIES: OgreHLMS;OgreMeshLodGenerator;OgreOverlay;OgrePaging;OgreProperty;OgreRTShaderSystem;OgreTerrain;OgreVolume;OgreMain
-- OGRE_LIBRARY_DIRS: /opt/ros/humble/opt/rviz_ogre_vendor/lib
-- OGRE_PLUGINS: Plugin_BSPSceneManager;Plugin_OctreeSceneManager;Plugin_PCZSceneManager;Plugin_ParticleFX;RenderSystem_GL;RenderSystem_GL3Plus;Codec_STBI
-- OGRE_PLUGIN_DIR: /opt/ros/humble/opt/rviz_ogre_vendor/lib/OGRE
-- rviz_ogre_vendor::OgreOverlay for IMPORTED_LOCATION_RELEASE: /opt/ros/humble/opt/rviz_ogre_vendor/lib/libOgreOverlay.so
-- rviz_ogre_vendor::OgreOverlay for IMPORTED_LOCATION_DEBUG: /opt/ros/humble/opt/rviz_ogre_vendor/lib/libOgreOverlay.so
-- rviz_ogre_vendor::OgreMain for IMPORTED_LOCATION_RELEASE: /opt/ros/humble/opt/rviz_ogre_vendor/lib/libOgreMain.so
-- rviz_ogre_vendor::OgreMain for IMPORTED_LOCATION_DEBUG: /opt/ros/humble/opt/rviz_ogre_vendor/lib/libOgreMain.so
-- library: /usr/lib/x86_64-linux-gnu/libcurl.so
-- Ensuring Eigen3 include directory is part of orocos-kdl CMake target
-- Found rviz_default_plugins: 11.2.16 (/opt/ros/humble/share/rviz_default_plugins/cmake)
-- Found ament_lint_auto: 0.12.12 (/opt/ros/humble/share/ament_lint_auto/cmake)
-- Added test 'cppcheck' to perform static code analysis on C / C++ code
-- Configured cppcheck include dirs: /home/theanh/gui_rviz2_qt5/src/gui_agv/include
-- Configured cppcheck exclude dirs and/or files: 
-- Added test 'lint_cmake' to check CMake code style
-- Added test 'uncrustify' to check C / C++ code style
-- Configured uncrustify additional arguments: 
-- Added test 'xmllint' to check XML markup files
-- Configuring done
-- Generating done
-- Build files have been written to: /home/theanh/gui_rviz2_qt5/build/gui_agv
[ 12%] [34m[1mAutomatic MOC and UIC for target gui_agv[0m
[ 12%] Built target gui_agv_autogen
[35m[1mConsolidate compiler generated dependencies of target gui_agv[0m
[100%] Built target gui_agv
-- Install configuration: ""
-- Execute custom install script
-- Up-to-date symlink: /home/theanh/gui_rviz2_qt5/install/gui_agv/share/ament_index/resource_index/package_run_dependencies/gui_agv
-- Up-to-date symlink: /home/theanh/gui_rviz2_qt5/install/gui_agv/share/ament_index/resource_index/parent_prefix_path/gui_agv
-- Up-to-date symlink: /home/theanh/gui_rviz2_qt5/install/gui_agv/share/gui_agv/environment/ament_prefix_path.sh
-- Up-to-date symlink: /home/theanh/gui_rviz2_qt5/install/gui_agv/share/gui_agv/environment/ament_prefix_path.dsv
-- Up-to-date symlink: /home/theanh/gui_rviz2_qt5/install/gui_agv/share/gui_agv/environment/path.sh
-- Up-to-date symlink: /home/theanh/gui_rviz2_qt5/install/gui_agv/share/gui_agv/environment/path.dsv
-- Up-to-date symlink: /home/theanh/gui_rviz2_qt5/install/gui_agv/share/gui_agv/local_setup.bash
-- Up-to-date symlink: /home/theanh/gui_rviz2_qt5/install/gui_agv/share/gui_agv/local_setup.sh
-- Up-to-date symlink: /home/theanh/gui_rviz2_qt5/install/gui_agv/share/gui_agv/local_setup.zsh
-- Up-to-date symlink: /home/theanh/gui_rviz2_qt5/install/gui_agv/share/gui_agv/local_setup.dsv
-- Symlinking: /home/theanh/gui_rviz2_qt5/install/gui_agv/share/gui_agv/package.dsv
-- Up-to-date symlink: /home/theanh/gui_rviz2_qt5/install/gui_agv/share/ament_index/resource_index/packages/gui_agv
-- Up-to-date symlink: /home/theanh/gui_rviz2_qt5/install/gui_agv/share/gui_agv/cmake/gui_agvConfig.cmake
-- Up-to-date symlink: /home/theanh/gui_rviz2_qt5/install/gui_agv/share/gui_agv/cmake/gui_agvConfig-version.cmake
-- Up-to-date symlink: /home/theanh/gui_rviz2_qt5/install/gui_agv/share/gui_agv/package.xml
