[0.075s] DEBUG:colcon:Command line arguments: ['/usr/bin/colcon', 'build', '--symlink-install']
[0.075s] DEBUG:colcon:Parsed command line arguments: Namespace(log_base=None, log_level=None, verb_name='build', build_base='build', install_base='install', merge_install=False, symlink_install=True, test_result_base=None, continue_on_error=False, executor='parallel', parallel_workers=16, event_handlers=None, ignore_user_meta=False, metas=['./colcon.meta'], base_paths=['.'], packages_ignore=None, packages_ignore_regex=None, paths=None, packages_up_to=None, packages_up_to_regex=None, packages_above=None, packages_above_and_dependencies=None, packages_above_depth=None, packages_select_by_dep=None, packages_skip_by_dep=None, packages_skip_up_to=None, packages_select_build_failed=False, packages_skip_build_finished=False, packages_select_test_failures=False, packages_skip_test_passed=False, packages_select=None, packages_skip=None, packages_select_regex=None, packages_skip_regex=None, packages_start=None, packages_end=None, allow_overriding=[], cmake_args=None, cmake_target=None, cmake_target_skip_unavailable=False, cmake_clean_cache=False, cmake_clean_first=False, cmake_force_configure=False, ament_cmake_args=None, catkin_cmake_args=None, catkin_skip_building_tests=False, verb_parser=<colcon_defaults.argument_parser.defaults.DefaultArgumentsDecorator object at 0x7b0d03a65c90>, verb_extension=<colcon_core.verb.build.BuildVerb object at 0x7b0d03b630d0>, main=<bound method BuildVerb.main of <colcon_core.verb.build.BuildVerb object at 0x7b0d03b630d0>>)
[0.223s] Level 1:colcon.colcon_core.package_discovery:discover_packages(colcon_meta) check parameters
[0.223s] Level 1:colcon.colcon_core.package_discovery:discover_packages(recursive) check parameters
[0.223s] Level 1:colcon.colcon_core.package_discovery:discover_packages(ignore) check parameters
[0.223s] Level 1:colcon.colcon_core.package_discovery:discover_packages(path) check parameters
[0.223s] Level 1:colcon.colcon_core.package_discovery:discover_packages(colcon_meta) discover
[0.223s] Level 1:colcon.colcon_core.package_discovery:discover_packages(recursive) discover
[0.223s] INFO:colcon.colcon_core.package_discovery:Crawling recursively for packages in '/home/theanh/gui_rviz2_qt5'
[0.223s] Level 1:colcon.colcon_core.package_identification:_identify(.) by extensions ['ignore', 'ignore_ament_install']
[0.223s] Level 1:colcon.colcon_core.package_identification:_identify(.) by extension 'ignore'
[0.223s] Level 1:colcon.colcon_core.package_identification:_identify(.) by extension 'ignore_ament_install'
[0.223s] Level 1:colcon.colcon_core.package_identification:_identify(.) by extensions ['colcon_pkg']
[0.223s] Level 1:colcon.colcon_core.package_identification:_identify(.) by extension 'colcon_pkg'
[0.223s] Level 1:colcon.colcon_core.package_identification:_identify(.) by extensions ['colcon_meta']
[0.223s] Level 1:colcon.colcon_core.package_identification:_identify(.) by extension 'colcon_meta'
[0.223s] Level 1:colcon.colcon_core.package_identification:_identify(.) by extensions ['ros']
[0.223s] Level 1:colcon.colcon_core.package_identification:_identify(.) by extension 'ros'
[0.231s] Level 1:colcon.colcon_core.package_identification:_identify(.) by extensions ['cmake', 'python']
[0.231s] Level 1:colcon.colcon_core.package_identification:_identify(.) by extension 'cmake'
[0.231s] Level 1:colcon.colcon_core.package_identification:_identify(.) by extension 'python'
[0.231s] Level 1:colcon.colcon_core.package_identification:_identify(.) by extensions ['python_setup_py']
[0.231s] Level 1:colcon.colcon_core.package_identification:_identify(.) by extension 'python_setup_py'
[0.231s] Level 1:colcon.colcon_core.package_identification:_identify(build) by extensions ['ignore', 'ignore_ament_install']
[0.232s] Level 1:colcon.colcon_core.package_identification:_identify(build) by extension 'ignore'
[0.232s] Level 1:colcon.colcon_core.package_identification:_identify(build) ignored
[0.232s] Level 1:colcon.colcon_core.package_identification:_identify(install) by extensions ['ignore', 'ignore_ament_install']
[0.232s] Level 1:colcon.colcon_core.package_identification:_identify(install) by extension 'ignore'
[0.232s] Level 1:colcon.colcon_core.package_identification:_identify(install) ignored
[0.232s] Level 1:colcon.colcon_core.package_identification:_identify(log) by extensions ['ignore', 'ignore_ament_install']
[0.232s] Level 1:colcon.colcon_core.package_identification:_identify(log) by extension 'ignore'
[0.232s] Level 1:colcon.colcon_core.package_identification:_identify(log) ignored
[0.232s] Level 1:colcon.colcon_core.package_identification:_identify(src) by extensions ['ignore', 'ignore_ament_install']
[0.232s] Level 1:colcon.colcon_core.package_identification:_identify(src) by extension 'ignore'
[0.232s] Level 1:colcon.colcon_core.package_identification:_identify(src) by extension 'ignore_ament_install'
[0.232s] Level 1:colcon.colcon_core.package_identification:_identify(src) by extensions ['colcon_pkg']
[0.232s] Level 1:colcon.colcon_core.package_identification:_identify(src) by extension 'colcon_pkg'
[0.232s] Level 1:colcon.colcon_core.package_identification:_identify(src) by extensions ['colcon_meta']
[0.232s] Level 1:colcon.colcon_core.package_identification:_identify(src) by extension 'colcon_meta'
[0.232s] Level 1:colcon.colcon_core.package_identification:_identify(src) by extensions ['ros']
[0.232s] Level 1:colcon.colcon_core.package_identification:_identify(src) by extension 'ros'
[0.232s] Level 1:colcon.colcon_core.package_identification:_identify(src) by extensions ['cmake', 'python']
[0.232s] Level 1:colcon.colcon_core.package_identification:_identify(src) by extension 'cmake'
[0.232s] Level 1:colcon.colcon_core.package_identification:_identify(src) by extension 'python'
[0.232s] Level 1:colcon.colcon_core.package_identification:_identify(src) by extensions ['python_setup_py']
[0.232s] Level 1:colcon.colcon_core.package_identification:_identify(src) by extension 'python_setup_py'
[0.232s] Level 1:colcon.colcon_core.package_identification:_identify(src/gui_agv) by extensions ['ignore', 'ignore_ament_install']
[0.233s] Level 1:colcon.colcon_core.package_identification:_identify(src/gui_agv) by extension 'ignore'
[0.233s] Level 1:colcon.colcon_core.package_identification:_identify(src/gui_agv) by extension 'ignore_ament_install'
[0.233s] Level 1:colcon.colcon_core.package_identification:_identify(src/gui_agv) by extensions ['colcon_pkg']
[0.233s] Level 1:colcon.colcon_core.package_identification:_identify(src/gui_agv) by extension 'colcon_pkg'
[0.233s] Level 1:colcon.colcon_core.package_identification:_identify(src/gui_agv) by extensions ['colcon_meta']
[0.233s] Level 1:colcon.colcon_core.package_identification:_identify(src/gui_agv) by extension 'colcon_meta'
[0.233s] Level 1:colcon.colcon_core.package_identification:_identify(src/gui_agv) by extensions ['ros']
[0.233s] Level 1:colcon.colcon_core.package_identification:_identify(src/gui_agv) by extension 'ros'
[0.242s] DEBUG:colcon.colcon_core.package_identification:Package 'src/gui_agv' with type 'ros.ament_cmake' and name 'gui_agv'
[0.242s] Level 1:colcon.colcon_core.package_discovery:discover_packages(recursive) using defaults
[0.242s] Level 1:colcon.colcon_core.package_discovery:discover_packages(ignore) discover
[0.242s] Level 1:colcon.colcon_core.package_discovery:discover_packages(ignore) using defaults
[0.242s] Level 1:colcon.colcon_core.package_discovery:discover_packages(path) discover
[0.242s] Level 1:colcon.colcon_core.package_discovery:discover_packages(path) using defaults
[0.256s] Level 1:colcon.colcon_core.package_discovery:discover_packages(prefix_path) check parameters
[0.256s] Level 1:colcon.colcon_core.package_discovery:discover_packages(prefix_path) discover
[0.257s] DEBUG:colcon.colcon_installed_package_information.package_discovery:Found 1 installed packages in /home/theanh/ros2_ws/install
[0.258s] DEBUG:colcon.colcon_installed_package_information.package_discovery:Found 449 installed packages in /opt/ros/humble
[0.260s] Level 1:colcon.colcon_core.package_discovery:discover_packages(prefix_path) using defaults
[0.298s] Level 5:colcon.colcon_core.verb:set package 'gui_agv' build argument 'cmake_args' from command line to 'None'
[0.298s] Level 5:colcon.colcon_core.verb:set package 'gui_agv' build argument 'cmake_target' from command line to 'None'
[0.298s] Level 5:colcon.colcon_core.verb:set package 'gui_agv' build argument 'cmake_target_skip_unavailable' from command line to 'False'
[0.298s] Level 5:colcon.colcon_core.verb:set package 'gui_agv' build argument 'cmake_clean_cache' from command line to 'False'
[0.298s] Level 5:colcon.colcon_core.verb:set package 'gui_agv' build argument 'cmake_clean_first' from command line to 'False'
[0.298s] Level 5:colcon.colcon_core.verb:set package 'gui_agv' build argument 'cmake_force_configure' from command line to 'False'
[0.298s] Level 5:colcon.colcon_core.verb:set package 'gui_agv' build argument 'ament_cmake_args' from command line to 'None'
[0.298s] Level 5:colcon.colcon_core.verb:set package 'gui_agv' build argument 'catkin_cmake_args' from command line to 'None'
[0.298s] Level 5:colcon.colcon_core.verb:set package 'gui_agv' build argument 'catkin_skip_building_tests' from command line to 'False'
[0.298s] DEBUG:colcon.colcon_core.verb:Building package 'gui_agv' with the following arguments: {'ament_cmake_args': None, 'build_base': '/home/theanh/gui_rviz2_qt5/build/gui_agv', 'catkin_cmake_args': None, 'catkin_skip_building_tests': False, 'cmake_args': None, 'cmake_clean_cache': False, 'cmake_clean_first': False, 'cmake_force_configure': False, 'cmake_target': None, 'cmake_target_skip_unavailable': False, 'install_base': '/home/theanh/gui_rviz2_qt5/install/gui_agv', 'merge_install': False, 'path': '/home/theanh/gui_rviz2_qt5/src/gui_agv', 'symlink_install': True, 'test_result_base': None}
[0.298s] INFO:colcon.colcon_core.executor:Executing jobs using 'parallel' executor
[0.299s] DEBUG:colcon.colcon_parallel_executor.executor.parallel:run_until_complete
[0.299s] INFO:colcon.colcon_ros.task.ament_cmake.build:Building ROS package in '/home/theanh/gui_rviz2_qt5/src/gui_agv' with build type 'ament_cmake'
[0.299s] INFO:colcon.colcon_cmake.task.cmake.build:Building CMake package in '/home/theanh/gui_rviz2_qt5/src/gui_agv'
[0.301s] INFO:colcon.colcon_core.plugin_system:Skipping extension 'colcon_core.shell.bat': Not used on non-Windows systems
[0.301s] INFO:colcon.colcon_core.shell:Skip shell extension 'powershell' for command environment: Not usable outside of PowerShell
[0.301s] DEBUG:colcon.colcon_core.shell:Skip shell extension 'dsv' for command environment
[0.308s] DEBUG:colcon.colcon_core.event_handler.log_command:Invoking command in '/home/theanh/gui_rviz2_qt5/build/gui_agv': CMAKE_PREFIX_PATH=/home/theanh/ros2_ws/install/my_robot_controller:/opt/ros/humble /usr/bin/cmake /home/theanh/gui_rviz2_qt5/src/gui_agv -DAMENT_CMAKE_SYMLINK_INSTALL=1 -DCMAKE_INSTALL_PREFIX=/home/theanh/gui_rviz2_qt5/install/gui_agv
[1.882s] DEBUG:colcon.colcon_core.event_handler.log_command:Invoked command in '/home/theanh/gui_rviz2_qt5/build/gui_agv' returned '0': CMAKE_PREFIX_PATH=/home/theanh/ros2_ws/install/my_robot_controller:/opt/ros/humble /usr/bin/cmake /home/theanh/gui_rviz2_qt5/src/gui_agv -DAMENT_CMAKE_SYMLINK_INSTALL=1 -DCMAKE_INSTALL_PREFIX=/home/theanh/gui_rviz2_qt5/install/gui_agv
[1.884s] DEBUG:colcon.colcon_core.event_handler.log_command:Invoking command in '/home/theanh/gui_rviz2_qt5/build/gui_agv': CMAKE_PREFIX_PATH=/home/theanh/ros2_ws/install/my_robot_controller:/opt/ros/humble /usr/bin/cmake --build /home/theanh/gui_rviz2_qt5/build/gui_agv -- -j16 -l16
[6.473s] DEBUG:colcon.colcon_core.event_handler.log_command:Invoked command in '/home/theanh/gui_rviz2_qt5/build/gui_agv' returned '2': CMAKE_PREFIX_PATH=/home/theanh/ros2_ws/install/my_robot_controller:/opt/ros/humble /usr/bin/cmake --build /home/theanh/gui_rviz2_qt5/build/gui_agv -- -j16 -l16
[6.473s] Level 1:colcon.colcon_core.environment:create_environment_scripts_only(gui_agv)
[6.475s] Level 1:colcon.colcon_core.environment:checking '/home/theanh/gui_rviz2_qt5/install/gui_agv' for CMake module files
[6.475s] Level 1:colcon.colcon_core.environment:checking '/home/theanh/gui_rviz2_qt5/install/gui_agv' for CMake config files
[6.475s] Level 1:colcon.colcon_core.environment:checking '/home/theanh/gui_rviz2_qt5/install/gui_agv/bin'
[6.475s] Level 1:colcon.colcon_core.environment:checking '/home/theanh/gui_rviz2_qt5/install/gui_agv/lib/pkgconfig/gui_agv.pc'
[6.475s] Level 1:colcon.colcon_core.environment:checking '/home/theanh/gui_rviz2_qt5/install/gui_agv/lib/python3.10/site-packages'
[6.476s] Level 1:colcon.colcon_core.environment:checking '/home/theanh/gui_rviz2_qt5/install/gui_agv/bin'
[6.476s] INFO:colcon.colcon_core.shell:Creating package script '/home/theanh/gui_rviz2_qt5/install/gui_agv/share/gui_agv/package.ps1'
[6.476s] INFO:colcon.colcon_core.shell:Creating package descriptor '/home/theanh/gui_rviz2_qt5/install/gui_agv/share/gui_agv/package.dsv'
[6.477s] INFO:colcon.colcon_core.shell:Creating package script '/home/theanh/gui_rviz2_qt5/install/gui_agv/share/gui_agv/package.sh'
[6.477s] INFO:colcon.colcon_core.shell:Creating package script '/home/theanh/gui_rviz2_qt5/install/gui_agv/share/gui_agv/package.bash'
[6.478s] INFO:colcon.colcon_core.shell:Creating package script '/home/theanh/gui_rviz2_qt5/install/gui_agv/share/gui_agv/package.zsh'
[6.478s] Level 1:colcon.colcon_core.environment:create_file_with_runtime_dependencies(/home/theanh/gui_rviz2_qt5/install/gui_agv/share/colcon-core/packages/gui_agv)
[6.488s] DEBUG:colcon.colcon_parallel_executor.executor.parallel:closing loop
[6.488s] DEBUG:colcon.colcon_parallel_executor.executor.parallel:loop closed
[6.488s] DEBUG:colcon.colcon_parallel_executor.executor.parallel:run_until_complete finished with '2'
[6.489s] DEBUG:colcon.colcon_core.event_reactor:joining thread
[6.493s] INFO:colcon.colcon_core.plugin_system:Skipping extension 'colcon_notification.desktop_notification.terminal_notifier': Not used on non-Darwin systems
[6.493s] INFO:colcon.colcon_core.plugin_system:Skipping extension 'colcon_notification.desktop_notification.win32': Not used on non-Windows systems
[6.493s] INFO:colcon.colcon_notification.desktop_notification:Sending desktop notification using 'notify2'
[6.501s] DEBUG:colcon.colcon_core.event_reactor:joined thread
[6.502s] INFO:colcon.colcon_core.shell:Creating prefix script '/home/theanh/gui_rviz2_qt5/install/local_setup.ps1'
[6.502s] INFO:colcon.colcon_core.shell:Creating prefix util module '/home/theanh/gui_rviz2_qt5/install/_local_setup_util_ps1.py'
[6.503s] INFO:colcon.colcon_core.shell:Creating prefix chain script '/home/theanh/gui_rviz2_qt5/install/setup.ps1'
[6.504s] INFO:colcon.colcon_core.shell:Creating prefix script '/home/theanh/gui_rviz2_qt5/install/local_setup.sh'
[6.504s] INFO:colcon.colcon_core.shell:Creating prefix util module '/home/theanh/gui_rviz2_qt5/install/_local_setup_util_sh.py'
[6.505s] INFO:colcon.colcon_core.shell:Creating prefix chain script '/home/theanh/gui_rviz2_qt5/install/setup.sh'
[6.505s] INFO:colcon.colcon_core.shell:Creating prefix script '/home/theanh/gui_rviz2_qt5/install/local_setup.bash'
[6.506s] INFO:colcon.colcon_core.shell:Creating prefix chain script '/home/theanh/gui_rviz2_qt5/install/setup.bash'
[6.506s] INFO:colcon.colcon_core.shell:Creating prefix script '/home/theanh/gui_rviz2_qt5/install/local_setup.zsh'
[6.507s] INFO:colcon.colcon_core.shell:Creating prefix chain script '/home/theanh/gui_rviz2_qt5/install/setup.zsh'
